0 info it worked if it ends with ok
1 verbose cli [ '/usr/bin/nodejs',
1 verbose cli   '/usr/bin/npm',
1 verbose cli   'run',
1 verbose cli   'docker',
1 verbose cli   '--',
1 verbose cli   '--',
1 verbose cli   'bash' ]
2 info using npm@3.5.2
3 info using node@v4.2.6
4 verbose run-script [ 'predocker', 'docker', 'postdocker' ]
5 info lifecycle @~predocker: @
6 silly lifecycle @~predocker: no script for predocker, continuing
7 info lifecycle @~docker: @
8 verbose lifecycle @~docker: unsafe-perm in lifecycle true
9 verbose lifecycle @~docker: PATH: /usr/share/npm/bin/node-gyp-bin:/home/student/bergkvist/docker/node_modules/.bin:/usr/local/sbin:/usr/local/bin:/usr/sbin:/usr/bin:/sbin:/bin:/usr/games:/usr/local/games:/snap/bin:/usr/local/go/bin:/home/student/go/bin
10 verbose lifecycle @~docker: CWD: /home/student/bergkvist/docker
11 silly lifecycle @~docker: Args: [ '-c',
11 silly lifecycle   '(npm run docker:build) && (npm run docker:run) "--" "bash"' ]
12 silly lifecycle @~docker: Returned: code: 2  signal: null
13 info lifecycle @~docker: Failed to exec docker script
14 verbose stack Error: @ docker: `(npm run docker:build) && (npm run docker:run) "--" "bash"`
14 verbose stack Exit status 2
14 verbose stack     at EventEmitter.<anonymous> (/usr/share/npm/lib/utils/lifecycle.js:232:16)
14 verbose stack     at emitTwo (events.js:87:13)
14 verbose stack     at EventEmitter.emit (events.js:172:7)
14 verbose stack     at ChildProcess.<anonymous> (/usr/share/npm/lib/utils/spawn.js:24:14)
14 verbose stack     at emitTwo (events.js:87:13)
14 verbose stack     at ChildProcess.emit (events.js:172:7)
14 verbose stack     at maybeClose (internal/child_process.js:821:16)
14 verbose stack     at Process.ChildProcess._handle.onexit (internal/child_process.js:211:5)
15 verbose pkgid @
16 verbose cwd /home/student/bergkvist/docker
17 error Linux 4.4.0-137-generic
18 error argv "/usr/bin/nodejs" "/usr/bin/npm" "run" "docker" "--" "--" "bash"
19 error node v4.2.6
20 error npm  v3.5.2
21 error code ELIFECYCLE
22 error @ docker: `(npm run docker:build) && (npm run docker:run) "--" "bash"`
22 error Exit status 2
23 error Failed at the @ docker script '(npm run docker:build) && (npm run docker:run) "--" "bash"'.
23 error Make sure you have the latest version of node.js and npm installed.
23 error If you do, this is most likely a problem with the  package,
23 error not with npm itself.
23 error Tell the author that this fails on your system:
23 error     (npm run docker:build) && (npm run docker:run) "--" "bash"
23 error You can get information on how to open an issue for this project with:
23 error     npm bugs
23 error Or if that isn't available, you can get their info via:
23 error     npm owner ls
23 error There is likely additional logging output above.
24 verbose exit [ 1, true ]
